[compute00.hpcnet:04335] pmix_mca_base_component_repository_open: unable to open mca_pnet_opa: libpsm2.so.2: cannot open shared object file: No such file or directory (ignored)
[compute00.hpcnet:04335] mca_base_component_repository_open: unable to open mca_oob_ud: libosmcomp.so.3: cannot open shared object file: No such file or directory (ignored)
[compute00.hpcnet:04346] pmix_mca_base_component_repository_open: unable to open mca_pnet_opa: libpsm2.so.2: cannot open shared object file: No such file or directory (ignored)
[compute00.hpcnet:04347] pmix_mca_base_component_repository_open: unable to open mca_pnet_opa: libpsm2.so.2: cannot open shared object file: No such file or directory (ignored)
[compute01.hpcnet:03541] pmix_mca_base_component_repository_open: unable to open mca_pnet_opa: libpsm2.so.2: cannot open shared object file: No such file or directory (ignored)
[compute01.hpcnet:03540] pmix_mca_base_component_repository_open: unable to open mca_pnet_opa: libpsm2.so.2: cannot open shared object file: No such file or directory (ignored)
[compute00.hpcnet:04347] mca_base_component_repository_open: unable to open mca_oob_ud: libosmcomp.so.3: cannot open shared object file: No such file or directory (ignored)
[compute00.hpcnet:04346] mca_base_component_repository_open: unable to open mca_oob_ud: libosmcomp.so.3: cannot open shared object file: No such file or directory (ignored)
[compute01.hpcnet:03541] mca_base_component_repository_open: unable to open mca_oob_ud: libosmcomp.so.3: cannot open shared object file: No such file or directory (ignored)
[compute01.hpcnet:03540] mca_base_component_repository_open: unable to open mca_oob_ud: libosmcomp.so.3: cannot open shared object file: No such file or directory (ignored)
[compute00.hpcnet:04347] mca_base_component_repository_open: unable to open mca_btl_openib: librdmacm.so.1: cannot open shared object file: No such file or directory (ignored)
[compute00.hpcnet:04346] mca_base_component_repository_open: unable to open mca_btl_openib: librdmacm.so.1: cannot open shared object file: No such file or directory (ignored)
[compute01.hpcnet:03540] mca_base_component_repository_open: unable to open mca_btl_openib: librdmacm.so.1: cannot open shared object file: No such file or directory (ignored)
[compute01.hpcnet:03541] mca_base_component_repository_open: unable to open mca_btl_openib: librdmacm.so.1: cannot open shared object file: No such file or directory (ignored)
[compute00.hpcnet:04347] mca_base_component_repository_open: unable to open mca_mtl_psm: libpsm_infinipath.so.1: cannot open shared object file: No such file or directory (ignored)
[compute00.hpcnet:04346] mca_base_component_repository_open: unable to open mca_mtl_psm: libpsm_infinipath.so.1: cannot open shared object file: No such file or directory (ignored)
[compute00.hpcnet:04347] mca_base_component_repository_open: unable to open mca_mtl_psm2: libpsm2.so.2: cannot open shared object file: No such file or directory (ignored)
[compute00.hpcnet:04346] mca_base_component_repository_open: unable to open mca_mtl_psm2: libpsm2.so.2: cannot open shared object file: No such file or directory (ignored)
[compute01.hpcnet:03541] mca_base_component_repository_open: unable to open mca_mtl_psm: libpsm_infinipath.so.1: cannot open shared object file: No such file or directory (ignored)
[compute01.hpcnet:03540] mca_base_component_repository_open: unable to open mca_mtl_psm: libpsm_infinipath.so.1: cannot open shared object file: No such file or directory (ignored)
[compute01.hpcnet:03541] mca_base_component_repository_open: unable to open mca_mtl_psm2: libpsm2.so.2: cannot open shared object file: No such file or directory (ignored)
[compute01.hpcnet:03540] mca_base_component_repository_open: unable to open mca_mtl_psm2: libpsm2.so.2: cannot open shared object file: No such file or directory (ignored)
Execution time: 10839 milliseconds
Clique máxima: 41 31 28 22 20 16 11 9 6 3 1 
Tamanho clique máxima: 11
